<?xml version="1.0" encoding="UTF-8"?>
<!-- Generated by org.testng.reporters.JUnitXMLReporter -->
<testsuite hostname="XAVIER-PC" ignored="0" name="Test" tests="1" failures="0" timestamp="12 Dec 2019 20:14:55 GMT" time="0.089" errors="0">
  <testcase name="@BeforeMethod beforeMethod" time="0.024" classname="test.TestBase">
    <failure type="java.lang.AssertionError" message="null">
      <![CDATA[java.lang.AssertionError: null
at test.TestBase.beforeMethod(TestBase.java:25)
... Removed 31 stack frames]]>
    </failure>
  </testcase> <!-- @BeforeMethod beforeMethod -->
  <testcase name="testLogin" time="0.0" classname="test.Login">
    <skipped/>
  </testcase> <!-- testLogin -->
</testsuite> <!-- Test -->
